<?xml version="1.0" encoding="UTF-8"?>
<!-- Generated by org.testng.reporters.JUnitReportReporter -->
<testsuite skipped="2" hostname="ESLDellV3" name="signInAction.TC_Login" tests="5" failures="0" timestamp="12 Jun 2018 08:10:42 GMT" time="38.689" errors="0">
  <testcase name="LoginWithMultipleUser" time="5.454" classname="signInAction.TC_Login">
    <skipped/>
  </testcase> <!-- LoginWithMultipleUser -->
  <testcase name="LoginWithMultipleUser" time="5.935" classname="signInAction.TC_Login">
    <skipped/>
  </testcase> <!-- LoginWithMultipleUser -->
  <testcase name="LoginWithMultipleUser" time="9.261" classname="signInAction.TC_Login"/>
  <testcase name="LoginWithMultipleUser" time="8.877" classname="signInAction.TC_Login"/>
  <testcase name="LoginWithMultipleUser" time="9.162" classname="signInAction.TC_Login"/>
</testsuite> <!-- signInAction.TC_Login -->
