<?xml version="1.0" encoding="UTF-8"?>
<testsuite xmlns:xsi="http://www.w3.org/2001/XMLSchema-instance" xsi:schemaLocation="https://maven.apache.org/surefire/maven-surefire-plugin/xsd/surefire-test-report.xsd" name="TestSuite" time="249.757" tests="17" errors="0" skipped="8" failures="0">
  <properties>
    <property name="java.runtime.name" value="Java(TM) SE Runtime Environment"/>
    <property name="sun.boot.library.path" value="C:\Program Files\Java\jre8\bin"/>
    <property name="java.vm.version" value="25.5-b02"/>
    <property name="java.vm.vendor" value="Oracle Corporation"/>
    <property name="maven.multiModuleProjectDirectory" value="D:\hybridFramework\uiAutomation"/>
    <property name="java.vendor.url" value="http://java.oracle.com/"/>
    <property name="path.separator" value=";"/>
    <property name="guice.disable.misplaced.annotation.check" value="true"/>
    <property name="java.vm.name" value="Java HotSpot(TM) Client VM"/>
    <property name="file.encoding.pkg" value="sun.io"/>
    <property name="user.script" value=""/>
    <property name="user.country" value="IN"/>
    <property name="sun.java.launcher" value="SUN_STANDARD"/>
    <property name="sun.os.patch.level" value=""/>
    <property name="java.vm.specification.name" value="Java Virtual Machine Specification"/>
    <property name="user.dir" value="D:\hybridFramework\uiAutomation"/>
    <property name="java.runtime.version" value="1.8.0_05-b13"/>
    <property name="java.awt.graphicsenv" value="sun.awt.Win32GraphicsEnvironment"/>
    <property name="java.endorsed.dirs" value="C:\Program Files\Java\jre8\lib\endorsed"/>
    <property name="os.arch" value="x86"/>
    <property name="java.io.tmpdir" value="C:\Users\AMITCH~1\AppData\Local\Temp\"/>
    <property name="line.separator" value="&#10;"/>
    <property name="java.vm.specification.vendor" value="Oracle Corporation"/>
    <property name="user.variant" value=""/>
    <property name="os.name" value="Windows 8.1"/>
    <property name="classworlds.conf" value="D:\hybridFramework\.metadata\.plugins\org.eclipse.m2e.launching\launches\m2conf8180761537784748694.tmp"/>
    <property name="sun.jnu.encoding" value="Cp1252"/>
    <property name="java.library.path" value="C:\Program Files\Java\jre8\bin;C:\Windows\Sun\Java\bin;C:\Windows\system32;C:\Windows;C:/Program Files/Java/jre1.8.0_171/bin/client;C:/Program Files/Java/jre1.8.0_171/bin;C:/Program Files/Java/jre1.8.0_171/lib/i386;C:\Program Files\Common Files\Oracle\Java\javapath;C:\Windows\system32;C:\Windows;C:\Windows\System32\Wbem;C:\Windows\System32\WindowsPowerShell\v1.0\;C:\Program Files\Microsoft SQL Server\120\Tools\Binn\;C:\Program Files\Microsoft SQL Server\Client SDK\ODBC\110\Tools\Binn\;C:\Program Files\Microsoft SQL Server\120\DTS\Binn\;C:\Program Files\Microsoft SQL Server\120\Tools\Binn\ManagementStudio\;C:\Program Files\Git\cmd;C:\Program Files\dotnet\;D:\Docs\Selenium Setup\eclipse-standard-luna-SR2-win32\eclipse;;."/>
    <property name="java.specification.name" value="Java Platform API Specification"/>
    <property name="java.class.version" value="52.0"/>
    <property name="sun.management.compiler" value="HotSpot Client Compiler"/>
    <property name="os.version" value="6.3"/>
    <property name="user.home" value="C:\Users\Amit Chaudhary"/>
    <property name="user.timezone" value="Asia/Calcutta"/>
    <property name="java.awt.printerjob" value="sun.awt.windows.WPrinterJob"/>
    <property name="java.specification.version" value="1.8"/>
    <property name="file.encoding" value="Cp1252"/>
    <property name="user.name" value="Amit Chaudhary"/>
    <property name="java.class.path" value="/D:/Docs/Selenium Setup/eclipse-standard-luna-SR2-win32/eclipse/plugins/org.eclipse.m2e.maven.runtime_1.7.0.20160603-1931/jars/plexus-classworlds-2.5.2.jar"/>
    <property name="java.vm.specification.version" value="1.8"/>
    <property name="sun.arch.data.model" value="32"/>
    <property name="java.home" value="C:\Program Files\Java\jre8"/>
    <property name="sun.java.command" value="org.codehaus.plexus.classworlds.launcher.Launcher -B test"/>
    <property name="java.specification.vendor" value="Oracle Corporation"/>
    <property name="user.language" value="en"/>
    <property name="awt.toolkit" value="sun.awt.windows.WToolkit"/>
    <property name="java.vm.info" value="mixed mode"/>
    <property name="java.version" value="1.8.0_05"/>
    <property name="java.ext.dirs" value="C:\Program Files\Java\jre8\lib\ext;C:\Windows\Sun\Java\lib\ext"/>
    <property name="sun.boot.class.path" value="C:\Program Files\Java\jre8\lib\resources.jar;C:\Program Files\Java\jre8\lib\rt.jar;C:\Program Files\Java\jre8\lib\sunrsasign.jar;C:\Program Files\Java\jre8\lib\jsse.jar;C:\Program Files\Java\jre8\lib\jce.jar;C:\Program Files\Java\jre8\lib\charsets.jar;C:\Program Files\Java\jre8\lib\jfr.jar;C:\Program Files\Java\jre8\classes"/>
    <property name="java.vendor" value="Oracle Corporation"/>
    <property name="maven.home" value="D:\hybridFramework\uiAutomation\EMBEDDED"/>
    <property name="file.separator" value="\"/>
    <property name="java.vendor.url.bug" value="http://bugreport.sun.com/bugreport/"/>
    <property name="sun.cpu.endian" value="little"/>
    <property name="sun.io.unicode.encoding" value="UnicodeLittle"/>
    <property name="sun.desktop" value="windows"/>
    <property name="sun.cpu.isalist" value="pentium_pro+mmx pentium_pro pentium+mmx pentium i486 i386 i86"/>
  </properties>
  <testcase name="examinationResultSanityTest" classname="ExaminationAndResultModule.SanityTest" time="6.863"/>
  <testcase name="examinationResultSanityTest" classname="ExaminationAndResultModule.SanityTest" time="0">
    <skipped message="User Marked this test as no run"/>
    <system-out><![CDATA[2018-06-12 13:37:03 INFO  SanityTest:60 - Driver session closed
2018-06-12 13:37:03 INFO  SanityTest:60 - Creating the object of : chrome
2018-06-12 13:37:05 INFO  SanityTest:60 - Navigating to the : http://52.172.14.165/JNVUIUMS
2018-06-12 13:37:08 INFO  Listner:93 - Test case examinationResultSanityTest Started
]]></system-out>
    <system-err><![CDATA[Starting ChromeDriver 2.37.544315 (730aa6a5fdba159ac9f4c1e8cbc59bf1b5ce12b7) on port 5587
Only local connections are allowed.
Jun 12, 2018 1:37:05 PM org.openqa.selenium.remote.ProtocolHandshake createSession
INFO: Detected dialect: OSS
]]></system-err>
  </testcase>
  <testcase name="examinationResultSanityTest" classname="ExaminationAndResultModule.SanityTest" time="5.168"/>
  <testcase name="examinationResultSanityTest" classname="ExaminationAndResultModule.SanityTest" time="0">
    <skipped message="User Marked this test as no run"/>
    <system-out><![CDATA[2018-06-12 13:37:20 INFO  SanityTest:60 - Driver session closed
2018-06-12 13:37:21 INFO  SanityTest:60 - Creating the object of : chrome
2018-06-12 13:37:23 INFO  SanityTest:60 - Navigating to the : http://52.172.14.165/JNVUIUMS
2018-06-12 13:37:26 INFO  Listner:93 - Test case examinationResultSanityTest Started
]]></system-out>
    <system-err><![CDATA[Starting ChromeDriver 2.37.544315 (730aa6a5fdba159ac9f4c1e8cbc59bf1b5ce12b7) on port 47653
Only local connections are allowed.
Jun 12, 2018 1:37:23 PM org.openqa.selenium.remote.ProtocolHandshake createSession
INFO: Detected dialect: OSS
]]></system-err>
  </testcase>
  <testcase name="examinationResultSanityTest" classname="ExaminationAndResultModule.SanityTest" time="6.575"/>
  <testcase name="ExamConfigMasterTest" classname="ExaminationAndResultModule.ExamConfigMaster" time="7.555"/>
  <testcase name="ExamConfigMasterTest" classname="ExaminationAndResultModule.ExamConfigMaster" time="0">
    <skipped message="User Marked this test as no run"/>
    <system-out><![CDATA[2018-06-12 13:38:16 INFO  ExamConfigMaster:95 - Driver session closed
2018-06-12 13:38:17 INFO  ExamConfigMaster:95 - Creating the object of : chrome
2018-06-12 13:38:19 INFO  ExamConfigMaster:95 - Navigating to the : http://52.172.14.165/JNVUIUMS
2018-06-12 13:38:23 INFO  Listner:93 - Test case ExamConfigMasterTest Started
]]></system-out>
    <system-err><![CDATA[Starting ChromeDriver 2.37.544315 (730aa6a5fdba159ac9f4c1e8cbc59bf1b5ce12b7) on port 42341
Only local connections are allowed.
Jun 12, 2018 1:38:19 PM org.openqa.selenium.remote.ProtocolHandshake createSession
INFO: Detected dialect: OSS
]]></system-err>
  </testcase>
  <testcase name="ExamConfigMasterTest" classname="ExaminationAndResultModule.ExamConfigMaster" time="0">
    <skipped message="no such element: Unable to locate element: {&quot;method&quot;:&quot;xpath&quot;,&quot;selector&quot;:&quot;//*[@id=&apos;body&apos;]/div[2]/table/tbody/tr[1]/td/h1&quot;}&#10;  (Session info: chrome=66.0.3359.181)&#10;  (Driver info: chromedriver=2.37.544315 (730aa6a5fdba159ac9f4c1e8cbc59bf1b5ce12b7),platform=Windows NT 6.3.9600 x86) (WARNING: The server did not provide any stacktrace information)&#10;Command duration or timeout: 0 milliseconds&#10;For documentation on this error, please visit: http://seleniumhq.org/exceptions/no_such_element.html&#10;Build info: version: &apos;3.11.0&apos;, revision: &apos;e59cfb3&apos;, time: &apos;2018-03-11T20:26:55.152Z&apos;&#10;System info: host: &apos;ESLDELLV3&apos;, ip: &apos;192.168.10.121&apos;, os.name: &apos;Windows 8.1&apos;, os.arch: &apos;x86&apos;, os.version: &apos;6.3&apos;, java.version: &apos;1.8.0_05&apos;&#10;Driver info: org.openqa.selenium.chrome.ChromeDriver&#10;Capabilities {acceptInsecureCerts: false, acceptSslCerts: false, applicationCacheEnabled: false, browserConnectionEnabled: false, browserName: chrome, chrome: {chromedriverVersion: 2.37.544315 (730aa6a5fdba15..., userDataDir: C:\Users\AMITCH~1\AppData\L...}, cssSelectorsEnabled: true, databaseEnabled: false, handlesAlerts: true, hasTouchScreen: false, javascriptEnabled: true, locationContextEnabled: true, mobileEmulationEnabled: false, nativeEvents: true, networkConnectionEnabled: false, pageLoadStrategy: normal, platform: XP, platformName: XP, rotatable: false, setWindowRect: true, takesHeapSnapshot: true, takesScreenshot: true, unexpectedAlertBehaviour: , unhandledPromptBehavior: , version: 66.0.3359.181, webStorageEnabled: true}&#10;Session ID: 7f1387e27a6815f77ef9c10a6732d074&#10;*** Element info: {Using=xpath, value=//*[@id=&apos;body&apos;]/div[2]/table/tbody/tr[1]/td/h1}"/>
    <system-out><![CDATA[2018-06-12 13:38:23 INFO  Listner:93 - Test Case ExamConfigMasterTest Skipped
2018-06-12 13:38:24 INFO  ExamConfigMaster:95 - Driver session closed
2018-06-12 13:38:24 INFO  ExamConfigMaster:95 - Creating the object of : chrome
2018-06-12 13:38:26 INFO  ExamConfigMaster:95 - Navigating to the : http://52.172.14.165/JNVUIUMS
2018-06-12 13:38:28 INFO  Listner:93 - Test case ExamConfigMasterTest Started
2018-06-12 13:38:29 INFO  HomePage:39 - Clicked on IUMS Login link
2018-06-12 13:38:29 INFO  ExamConfigMaster:95 - Switched to new window
2018-06-12 13:38:30 INFO  LoginPage:43 - Entered userName is : erp@admin
2018-06-12 13:38:30 INFO  LoginPage:43 - Entered password is : Jnvu@)!^
2018-06-12 13:38:30 INFO  ExamConfigMaster:95 - User logged in to IUMS
2018-06-12 13:39:30 INFO  TestBase:41 - Retrying test ExamConfigMasterTest with status Failed for the 1 time(s)
]]></system-out>
    <system-err><![CDATA[Starting ChromeDriver 2.37.544315 (730aa6a5fdba159ac9f4c1e8cbc59bf1b5ce12b7) on port 15000
Only local connections are allowed.
Jun 12, 2018 1:38:26 PM org.openqa.selenium.remote.ProtocolHandshake createSession
INFO: Detected dialect: OSS
]]></system-err>
  </testcase>
  <testcase name="ExamConfigMasterTest" classname="ExaminationAndResultModule.ExamConfigMaster" time="4.223"/>
  <testcase name="ExamConfigMasterTest" classname="ExaminationAndResultModule.ExamConfigMaster" time="0">
    <skipped message="User Marked this test as no run"/>
    <system-out><![CDATA[2018-06-12 13:39:41 INFO  ExamConfigMaster:95 - Driver session closed
2018-06-12 13:39:41 INFO  ExamConfigMaster:95 - Creating the object of : chrome
2018-06-12 13:39:43 INFO  ExamConfigMaster:95 - Navigating to the : http://52.172.14.165/JNVUIUMS
2018-06-12 13:39:46 INFO  Listner:93 - Test case ExamConfigMasterTest Started
]]></system-out>
    <system-err><![CDATA[Starting ChromeDriver 2.37.544315 (730aa6a5fdba159ac9f4c1e8cbc59bf1b5ce12b7) on port 14113
Only local connections are allowed.
Jun 12, 2018 1:39:43 PM org.openqa.selenium.remote.ProtocolHandshake createSession
INFO: Detected dialect: OSS
]]></system-err>
  </testcase>
  <testcase name="ExamConfigMasterTest" classname="ExaminationAndResultModule.ExamConfigMaster" time="0">
    <skipped message="User Marked this test as no run"/>
    <system-out><![CDATA[2018-06-12 13:39:46 INFO  Listner:93 - Test Case ExamConfigMasterTest Skipped
2018-06-12 13:39:46 INFO  ExamConfigMaster:95 - Driver session closed
2018-06-12 13:39:46 INFO  ExamConfigMaster:95 - Creating the object of : chrome
2018-06-12 13:39:48 INFO  ExamConfigMaster:95 - Navigating to the : http://52.172.14.165/JNVUIUMS
2018-06-12 13:39:51 INFO  Listner:93 - Test case ExamConfigMasterTest Started
]]></system-out>
    <system-err><![CDATA[Starting ChromeDriver 2.37.544315 (730aa6a5fdba159ac9f4c1e8cbc59bf1b5ce12b7) on port 46102
Only local connections are allowed.
Jun 12, 2018 1:39:48 PM org.openqa.selenium.remote.ProtocolHandshake createSession
INFO: Detected dialect: OSS
]]></system-err>
  </testcase>
  <testcase name="ExamConfigMasterTest" classname="ExaminationAndResultModule.ExamConfigMaster" time="4.169"/>
  <testcase name="LoginWithMultipleUser" classname="signInAction.TC_Login" time="2.981"/>
  <testcase name="LoginWithMultipleUser" classname="signInAction.TC_Login" time="0">
    <skipped message="User Marked this test as no run"/>
    <system-out><![CDATA[2018-06-12 13:40:11 INFO  TC_Login:59 - Driver session closed
2018-06-12 13:40:11 INFO  TC_Login:59 - Creating the object of : chrome
2018-06-12 13:40:13 INFO  TC_Login:59 - Navigating to the : http://52.172.14.165/JNVUIUMS
2018-06-12 13:40:16 INFO  Listner:93 - Test case LoginWithMultipleUser Started
]]></system-out>
    <system-err><![CDATA[Starting ChromeDriver 2.37.544315 (730aa6a5fdba159ac9f4c1e8cbc59bf1b5ce12b7) on port 35412
Only local connections are allowed.
Jun 12, 2018 1:40:13 PM org.openqa.selenium.remote.ProtocolHandshake createSession
INFO: Detected dialect: OSS
]]></system-err>
  </testcase>
  <testcase name="LoginWithMultipleUser" classname="signInAction.TC_Login" time="3.25"/>
  <testcase name="LoginWithMultipleUser" classname="signInAction.TC_Login" time="0">
    <skipped message="User Marked this test as no run"/>
    <system-out><![CDATA[2018-06-12 13:40:26 INFO  TC_Login:59 - Driver session closed
2018-06-12 13:40:26 INFO  TC_Login:59 - Creating the object of : chrome
2018-06-12 13:40:28 INFO  TC_Login:59 - Navigating to the : http://52.172.14.165/JNVUIUMS
2018-06-12 13:40:31 INFO  Listner:93 - Test case LoginWithMultipleUser Started
]]></system-out>
    <system-err><![CDATA[Starting ChromeDriver 2.37.544315 (730aa6a5fdba159ac9f4c1e8cbc59bf1b5ce12b7) on port 34707
Only local connections are allowed.
Jun 12, 2018 1:40:28 PM org.openqa.selenium.remote.ProtocolHandshake createSession
INFO: Detected dialect: OSS
]]></system-err>
  </testcase>
  <testcase name="LoginWithMultipleUser" classname="signInAction.TC_Login" time="3.079"/>
</testsuite>