<?xml version="1.0" encoding="UTF-8"?>
<!-- Generated by org.testng.reporters.JUnitReportReporter -->
<testsuite skipped="0" hostname="ESLDellV3" name="ExaminationAndResultModule.SanityTest" tests="1" failures="0" timestamp="11 Jun 2018 13:09:10 GMT" time="26.114" errors="0">
  <testcase name="examinationResultSanityTest" time="26.114" classname="ExaminationAndResultModule.SanityTest"/>
</testsuite> <!-- ExaminationAndResultModule.SanityTest -->
