<?xml version="1.0" encoding="UTF-8"?>
<!-- Generated by org.testng.reporters.JUnitReportReporter -->
<testsuite skipped="0" hostname="ESLDellV3" name="signInAction.TC_Login" tests="1" failures="0" timestamp="12 Jun 2018 08:46:01 GMT" time="7.621" errors="0">
  <testcase name="LoginWithMultipleUser" time="7.621" classname="signInAction.TC_Login"/>
</testsuite> <!-- signInAction.TC_Login -->
