<?xml version="1.0" encoding="UTF-8"?>
<!-- Generated by org.testng.reporters.JUnitReportReporter -->
<testsuite skipped="0" hostname="ESLDellV3" name="signInAction.TC_Login" tests="1" failures="0" timestamp="11 Jun 2018 13:09:10 GMT" time="8.908" errors="0">
  <testcase name="LoginWithMultipleUser" time="8.908" classname="signInAction.TC_Login"/>
</testsuite> <!-- signInAction.TC_Login -->
