<?xml version="1.0" encoding="UTF-8"?>
<!-- Generated by org.testng.reporters.JUnitReportReporter -->
<testsuite skipped="0" hostname="ESLDellV3" name="ExaminationAndResultModule.ExamConfigMaster" tests="1" failures="0" timestamp="12 Jun 2018 08:46:01 GMT" time="9.560" errors="0">
  <testcase name="ExamConfigMasterTest" time="9.560" classname="ExaminationAndResultModule.ExamConfigMaster"/>
</testsuite> <!-- ExaminationAndResultModule.ExamConfigMaster -->
