<?xml version="1.0" encoding="UTF-8"?>
<!-- Generated by org.testng.reporters.JUnitReportReporter -->
<testsuite skipped="0" hostname="ESLDellV3" name="ExaminationAndResultModule.ExamConfigMaster" tests="1" failures="0" timestamp="05 Jun 2018 07:34:33 GMT" time="10.793" errors="0">
  <testcase name="ExamConfigMasterTest" time="10.793" classname="ExaminationAndResultModule.ExamConfigMaster"/>
</testsuite> <!-- ExaminationAndResultModule.ExamConfigMaster -->
