<?xml version="1.0" encoding="UTF-8"?>
<!-- Generated by org.testng.reporters.JUnitReportReporter -->
<testsuite skipped="0" hostname="ESLDellV3" name="ExaminationAndResultModule.SanityTest" tests="1" failures="0" timestamp="12 Jun 2018 08:46:01 GMT" time="11.183" errors="0">
  <testcase name="examinationResultSanityTest" time="11.183" classname="ExaminationAndResultModule.SanityTest"/>
</testsuite> <!-- ExaminationAndResultModule.SanityTest -->
